<?xml version="1.0" encoding="UTF-8"?>
<testsuite xmlns:xsi="http://www.w3.org/2001/XMLSchema-instance" xsi:schemaLocation="https://maven.apache.org/surefire/maven-surefire-plugin/xsd/surefire-test-report.xsd" name="runner.RunnerTest" time="150.112" tests="140" errors="0" skipped="0" failures="0">
  <properties>
    <property name="idea.version" value="2020.2.3"/>
    <property name="java.runtime.name" value="OpenJDK Runtime Environment"/>
    <property name="sun.boot.library.path" value="/usr/lib/jvm/java-8-openjdk-amd64/jre/lib/amd64"/>
    <property name="java.vm.version" value="25.275-b01"/>
    <property name="user.country.format" value="BR"/>
    <property name="java.vm.vendor" value="Private Build"/>
    <property name="maven.multiModuleProjectDirectory" value="/home/alan/UnitTest/AutomacaoTeste_AtividadeTres"/>
    <property name="java.vendor.url" value="http://java.oracle.com/"/>
    <property name="path.separator" value=":"/>
    <property name="guice.disable.misplaced.annotation.check" value="true"/>
    <property name="java.vm.name" value="OpenJDK 64-Bit Server VM"/>
    <property name="file.encoding.pkg" value="sun.io"/>
    <property name="user.country" value="US"/>
    <property name="sun.java.launcher" value="SUN_STANDARD"/>
    <property name="sun.os.patch.level" value="unknown"/>
    <property name="java.vm.specification.name" value="Java Virtual Machine Specification"/>
    <property name="user.dir" value="/home/alan/UnitTest/AutomacaoTeste_AtividadeTres"/>
    <property name="java.runtime.version" value="1.8.0_275-8u275-b01-0ubuntu1~20.04-b01"/>
    <property name="java.awt.graphicsenv" value="sun.awt.X11GraphicsEnvironment"/>
    <property name="java.endorsed.dirs" value="/usr/lib/jvm/java-8-openjdk-amd64/jre/lib/endorsed"/>
    <property name="os.arch" value="amd64"/>
    <property name="java.io.tmpdir" value="/tmp"/>
    <property name="line.separator" value="&#10;"/>
    <property name="java.vm.specification.vendor" value="Oracle Corporation"/>
    <property name="os.name" value="Linux"/>
    <property name="maven.ext.class.path" value="/home/alan/JetBrains/jb/plugins/maven/lib/maven-event-listener.jar"/>
    <property name="classworlds.conf" value="/home/alan/JetBrains/jb/plugins/maven/lib/maven3/bin/m2.conf"/>
    <property name="sun.jnu.encoding" value="UTF-8"/>
    <property name="java.library.path" value="/usr/java/packages/lib/amd64:/usr/lib/x86_64-linux-gnu/jni:/lib/x86_64-linux-gnu:/usr/lib/x86_64-linux-gnu:/usr/lib/jni:/lib:/usr/lib"/>
    <property name="maven.conf" value="/home/alan/JetBrains/jb/plugins/maven/lib/maven3/conf"/>
    <property name="java.specification.name" value="Java Platform API Specification"/>
    <property name="java.class.version" value="52.0"/>
    <property name="sun.management.compiler" value="HotSpot 64-Bit Tiered Compilers"/>
    <property name="os.version" value="5.4.0-59-generic"/>
    <property name="user.home" value="/home/alan"/>
    <property name="user.timezone" value="America/Sao_Paulo"/>
    <property name="java.awt.printerjob" value="sun.print.PSPrinterJob"/>
    <property name="java.specification.version" value="1.8"/>
    <property name="file.encoding" value="UTF-8"/>
    <property name="user.name" value="alan"/>
    <property name="java.class.path" value="/home/alan/JetBrains/jb/plugins/maven/lib/maven3/boot/plexus-classworlds-2.6.0.jar:/home/alan/JetBrains/jb/plugins/maven/lib/maven3/boot/plexus-classworlds.license:/home/alan/JetBrains/jb/lib/idea_rt.jar"/>
    <property name="java.vm.specification.version" value="1.8"/>
    <property name="sun.arch.data.model" value="64"/>
    <property name="java.home" value="/usr/lib/jvm/java-8-openjdk-amd64/jre"/>
    <property name="sun.java.command" value="org.codehaus.classworlds.Launcher -Didea.version=2020.2.3 verify"/>
    <property name="java.specification.vendor" value="Oracle Corporation"/>
    <property name="user.language" value="en"/>
    <property name="user.language.format" value="pt"/>
    <property name="awt.toolkit" value="sun.awt.X11.XToolkit"/>
    <property name="java.vm.info" value="mixed mode"/>
    <property name="java.version" value="1.8.0_275"/>
    <property name="java.ext.dirs" value="/usr/lib/jvm/java-8-openjdk-amd64/jre/lib/ext:/usr/java/packages/lib/ext"/>
    <property name="securerandom.source" value="file:/dev/./urandom"/>
    <property name="sun.boot.class.path" value="/usr/lib/jvm/java-8-openjdk-amd64/jre/lib/resources.jar:/usr/lib/jvm/java-8-openjdk-amd64/jre/lib/rt.jar:/usr/lib/jvm/java-8-openjdk-amd64/jre/lib/sunrsasign.jar:/usr/lib/jvm/java-8-openjdk-amd64/jre/lib/jsse.jar:/usr/lib/jvm/java-8-openjdk-amd64/jre/lib/jce.jar:/usr/lib/jvm/java-8-openjdk-amd64/jre/lib/charsets.jar:/usr/lib/jvm/java-8-openjdk-amd64/jre/lib/jfr.jar:/usr/lib/jvm/java-8-openjdk-amd64/jre/classes"/>
    <property name="java.vendor" value="Private Build"/>
    <property name="maven.home" value="/home/alan/JetBrains/jb/plugins/maven/lib/maven3"/>
    <property name="file.separator" value="/"/>
    <property name="java.vendor.url.bug" value="http://bugreport.sun.com/bugreport/"/>
    <property name="sun.cpu.endian" value="little"/>
    <property name="sun.io.unicode.encoding" value="UnicodeLittle"/>
    <property name="sun.desktop" value="gnome"/>
    <property name="sun.cpu.isalist" value=""/>
  </properties>
  <testcase name="Dado que o usuário está na página inicial" classname="Cenario: Adicionar um novo processo." time="0.003"/>
  <testcase name="E que o usuário clica no menu processos" classname="Cenario: Adicionar um novo processo." time="0"/>
  <testcase name="E o usuário clica no botão Novo Processo" classname="Cenario: Adicionar um novo processo." time="0"/>
  <testcase name="E o usuário preenche o campo &quot;processo_vara&quot; com o valor &quot;Criminal&quot; no cadastro de processos" classname="Cenario: Adicionar um novo processo." time="0"/>
  <testcase name="E o usuário preenche o campo &quot;processo_numero_processo&quot; com o valor &quot;123&quot; no cadastro de processos" classname="Cenario: Adicionar um novo processo." time="0"/>
  <testcase name="E o usuário preenche o campo &quot;processo_natureza&quot; com o valor &quot;Criminal&quot; no cadastro de processos" classname="Cenario: Adicionar um novo processo." time="0"/>
  <testcase name="E o usuário preenche o campo &quot;processo_partes&quot; com o valor &quot;AlanXAnderson&quot; no cadastro de processos" classname="Cenario: Adicionar um novo processo." time="0"/>
  <testcase name="E o usuário preenche o campo &quot;processo_urgente&quot; com o valor &quot;Sim&quot; no cadastro de processos" classname="Cenario: Adicionar um novo processo." time="0"/>
  <testcase name="E o usuário preenche o campo &quot;arbitramento&quot; com o valor &quot;sim&quot; no cadastro de processos" classname="Cenario: Adicionar um novo processo." time="0"/>
  <testcase name="E o usuário preenche o campo &quot;processo_assistente_social&quot; com o valor &quot;Robson&quot; no cadastro de processos" classname="Cenario: Adicionar um novo processo." time="0"/>
  <testcase name="E o usuário preenche o campo &quot;processo_data_entrada&quot; com o valor &quot;17/12/2020&quot; no cadastro de processos" classname="Cenario: Adicionar um novo processo." time="0"/>
  <testcase name="E o usuário preenche o campo &quot;processo_data_saida&quot; com o valor &quot;10/01/2021&quot; no cadastro de processos" classname="Cenario: Adicionar um novo processo." time="0"/>
  <testcase name="E o usuário preenche o campo &quot;processo_data_agendamento&quot; com o valor &quot;09/01/2021&quot; no cadastro de processos" classname="Cenario: Adicionar um novo processo." time="0"/>
  <testcase name="E o usuário preenche o campo &quot;processo_status&quot; com o valor &quot;Aberto&quot; no cadastro de processos" classname="Cenario: Adicionar um novo processo." time="0"/>
  <testcase name="E o usuário preenche o campo &quot;processo_observacao&quot; com o valor &quot;Fechamento de Materia&quot; no cadastro de processos" classname="Cenario: Adicionar um novo processo." time="0.001"/>
  <testcase name="Quando o usuário clicar no botão salvar no cadastro de processos" classname="Cenario: Adicionar um novo processo." time="0.001"/>
  <testcase name="Então o usuário deveria ver a mensagem &quot;Processo foi criado com sucesso.&quot; no cadastro de processos" classname="Cenario: Adicionar um novo processo." time="0"/>
  <testcase name="Cenario: Adicionar um novo processo." classname="Cenario: Adicionar um novo processo." time="0.088"/>
  <testcase name="Dado que o usuário está na página inicial" classname="Cenario: Consultar um usuário." time="0"/>
  <testcase name="E que o usuário clica no menu processos" classname="Cenario: Consultar um usuário." time="0"/>
  <testcase name="E o usuário clica no botão Novo Processo" classname="Cenario: Consultar um usuário." time="0.002"/>
  <testcase name="E o usuário preenche o campo &quot;processo_vara&quot; com o valor &quot;Criminal&quot; no cadastro de processos" classname="Cenario: Consultar um usuário." time="0"/>
  <testcase name="E o usuário preenche o campo &quot;processo_numero_processo&quot; com o valor &quot;123&quot; no cadastro de processos" classname="Cenario: Consultar um usuário." time="0"/>
  <testcase name="E o usuário preenche o campo &quot;processo_natureza&quot; com o valor &quot;Criminal&quot; no cadastro de processos" classname="Cenario: Consultar um usuário." time="0"/>
  <testcase name="E o usuário preenche o campo &quot;processo_partes&quot; com o valor &quot;AlanXAnderson&quot; no cadastro de processos" classname="Cenario: Consultar um usuário." time="0"/>
  <testcase name="E o usuário preenche o campo &quot;processo_urgente&quot; com o valor &quot;Sim&quot; no cadastro de processos" classname="Cenario: Consultar um usuário." time="0"/>
  <testcase name="E o usuário preenche o campo &quot;arbitramento&quot; com o valor &quot;sim&quot; no cadastro de processos" classname="Cenario: Consultar um usuário." time="0"/>
  <testcase name="E o usuário preenche o campo &quot;processo_assistente_social&quot; com o valor &quot;Robson&quot; no cadastro de processos" classname="Cenario: Consultar um usuário." time="0"/>
  <testcase name="E o usuário preenche o campo &quot;processo_data_entrada&quot; com o valor &quot;17/12/2020&quot; no cadastro de processos" classname="Cenario: Consultar um usuário." time="0"/>
  <testcase name="E o usuário preenche o campo &quot;processo_data_saida&quot; com o valor &quot;10/01/2021&quot; no cadastro de processos" classname="Cenario: Consultar um usuário." time="0.001"/>
  <testcase name="E o usuário preenche o campo &quot;processo_data_agendamento&quot; com o valor &quot;09/01/2021&quot; no cadastro de processos" classname="Cenario: Consultar um usuário." time="0"/>
  <testcase name="E o usuário preenche o campo &quot;processo_status&quot; com o valor &quot;Aberto&quot; no cadastro de processos" classname="Cenario: Consultar um usuário." time="0"/>
  <testcase name="E o usuário preenche o campo &quot;processo_observacao&quot; com o valor &quot;Fechamento de Materia&quot; no cadastro de processos" classname="Cenario: Consultar um usuário." time="0"/>
  <testcase name="E o usuário clicar no botão salvar no cadastro de processos" classname="Cenario: Consultar um usuário." time="0"/>
  <testcase name="E o usuário clicar em voltar para processos" classname="Cenario: Consultar um usuário." time="0"/>
  <testcase name="E o usuário clicar em mostrar processo" classname="Cenario: Consultar um usuário." time="0"/>
  <testcase name="Então o usuário deveria ver valor &quot;Criminal&quot; no campo &quot;vara&quot;" classname="Cenario: Consultar um usuário." time="0"/>
  <testcase name="E o usuário deveria ver valor &quot;123&quot; no campo &quot;numero&quot;" classname="Cenario: Consultar um usuário." time="0"/>
  <testcase name="E o usuário deveria ver valor &quot;Criminal&quot; no campo &quot;natureza&quot;" classname="Cenario: Consultar um usuário." time="0"/>
  <testcase name="E o usuário deveria ver valor &quot;AlanXAnderson&quot; no campo &quot;partes&quot;" classname="Cenario: Consultar um usuário." time="0"/>
  <testcase name="E o usuário deveria ver valor &quot;S&quot; no campo &quot;urgente&quot;" classname="Cenario: Consultar um usuário." time="0"/>
  <testcase name="E o usuário deveria ver valor &quot;S&quot; no campo &quot;arbitramento&quot;" classname="Cenario: Consultar um usuário." time="0"/>
  <testcase name="E o usuário deveria ver valor &quot;Robson&quot; no campo &quot;as_social&quot;" classname="Cenario: Consultar um usuário." time="0"/>
  <testcase name="E o usuário deveria ver valor &quot;2020-12-17&quot; no campo &quot;dt_entrada&quot;" classname="Cenario: Consultar um usuário." time="0"/>
  <testcase name="E o usuário deveria ver valor &quot;2021-01-10&quot; no campo &quot;dt_saida&quot;" classname="Cenario: Consultar um usuário." time="0"/>
  <testcase name="E o usuário deveria ver valor &quot;2021-01-09&quot; no campo &quot;dt_agendamento&quot;" classname="Cenario: Consultar um usuário." time="0"/>
  <testcase name="E o usuário deveria ver valor &quot;Aberto&quot; no campo &quot;status&quot;" classname="Cenario: Consultar um usuário." time="0"/>
  <testcase name="E o usuário deveria ver valor &quot;Fechamento de Materia&quot; no campo &quot;observacao&quot;" classname="Cenario: Consultar um usuário." time="0"/>
  <testcase name="Cenario: Consultar um usuário." classname="Cenario: Consultar um usuário." time="0.081"/>
  <testcase name="Dado que o usuário está na página inicial" classname="Cenario: Deletar um Processo." time="0"/>
  <testcase name="E que o usuário clica no menu processos" classname="Cenario: Deletar um Processo." time="0"/>
  <testcase name="E o usuário clica no botão Novo Processo" classname="Cenario: Deletar um Processo." time="0"/>
  <testcase name="E o usuário preenche o campo &quot;processo_vara&quot; com o valor &quot;Criminal&quot; no cadastro de processos" classname="Cenario: Deletar um Processo." time="0"/>
  <testcase name="E o usuário preenche o campo &quot;processo_numero_processo&quot; com o valor &quot;123&quot; no cadastro de processos" classname="Cenario: Deletar um Processo." time="0"/>
  <testcase name="E o usuário preenche o campo &quot;processo_natureza&quot; com o valor &quot;Criminal&quot; no cadastro de processos" classname="Cenario: Deletar um Processo." time="0"/>
  <testcase name="E o usuário preenche o campo &quot;processo_partes&quot; com o valor &quot;AlanXAnderson&quot; no cadastro de processos" classname="Cenario: Deletar um Processo." time="0"/>
  <testcase name="E o usuário preenche o campo &quot;processo_urgente&quot; com o valor &quot;Sim&quot; no cadastro de processos" classname="Cenario: Deletar um Processo." time="0"/>
  <testcase name="E o usuário preenche o campo &quot;arbitramento&quot; com o valor &quot;sim&quot; no cadastro de processos" classname="Cenario: Deletar um Processo." time="0"/>
  <testcase name="E o usuário preenche o campo &quot;processo_assistente_social&quot; com o valor &quot;Robson&quot; no cadastro de processos" classname="Cenario: Deletar um Processo." time="0"/>
  <testcase name="E o usuário preenche o campo &quot;processo_data_entrada&quot; com o valor &quot;17/12/2020&quot; no cadastro de processos" classname="Cenario: Deletar um Processo." time="0"/>
  <testcase name="E o usuário preenche o campo &quot;processo_data_saida&quot; com o valor &quot;10/01/2021&quot; no cadastro de processos" classname="Cenario: Deletar um Processo." time="0"/>
  <testcase name="E o usuário preenche o campo &quot;processo_data_agendamento&quot; com o valor &quot;09/01/2021&quot; no cadastro de processos" classname="Cenario: Deletar um Processo." time="0"/>
  <testcase name="E o usuário preenche o campo &quot;processo_status&quot; com o valor &quot;Aberto&quot; no cadastro de processos" classname="Cenario: Deletar um Processo." time="0"/>
  <testcase name="E o usuário preenche o campo &quot;processo_observacao&quot; com o valor &quot;Fechamento de Materia&quot; no cadastro de processos" classname="Cenario: Deletar um Processo." time="0"/>
  <testcase name="E o usuário clicar no botão salvar no cadastro de processos" classname="Cenario: Deletar um Processo." time="0"/>
  <testcase name="E o usuário clicar em voltar para processos" classname="Cenario: Deletar um Processo." time="0"/>
  <testcase name="Quando o usuário clicar no botão excluir do Processo Cadastrado" classname="Cenario: Deletar um Processo." time="0.001"/>
  <testcase name="E o usuário confirmar a exclusão" classname="Cenario: Deletar um Processo." time="0.001"/>
  <testcase name="Então o botão apagar não pode mais existir para o Processo Cadastrado" classname="Cenario: Deletar um Processo." time="0"/>
  <testcase name="Cenario: Deletar um Processo." classname="Cenario: Deletar um Processo." time="0.077"/>
  <testcase name="Dado que o usuário está na página inicial" classname="Cenario: Editar um processo." time="0"/>
  <testcase name="E que o usuário clica no menu processos" classname="Cenario: Editar um processo." time="0.002"/>
  <testcase name="E o usuário clica no botão Novo Processo" classname="Cenario: Editar um processo." time="0"/>
  <testcase name="E o usuário preenche o campo &quot;processo_vara&quot; com o valor &quot;Criminal&quot; no cadastro de processos" classname="Cenario: Editar um processo." time="0"/>
  <testcase name="E o usuário preenche o campo &quot;processo_numero_processo&quot; com o valor &quot;123&quot; no cadastro de processos" classname="Cenario: Editar um processo." time="0"/>
  <testcase name="E o usuário preenche o campo &quot;processo_natureza&quot; com o valor &quot;Criminal&quot; no cadastro de processos" classname="Cenario: Editar um processo." time="0"/>
  <testcase name="E o usuário preenche o campo &quot;processo_partes&quot; com o valor &quot;AlanXAnderson&quot; no cadastro de processos" classname="Cenario: Editar um processo." time="0"/>
  <testcase name="E o usuário preenche o campo &quot;processo_urgente&quot; com o valor &quot;Sim&quot; no cadastro de processos" classname="Cenario: Editar um processo." time="0"/>
  <testcase name="E o usuário preenche o campo &quot;arbitramento&quot; com o valor &quot;sim&quot; no cadastro de processos" classname="Cenario: Editar um processo." time="0"/>
  <testcase name="E o usuário preenche o campo &quot;processo_assistente_social&quot; com o valor &quot;Robson&quot; no cadastro de processos" classname="Cenario: Editar um processo." time="0"/>
  <testcase name="E o usuário preenche o campo &quot;processo_data_entrada&quot; com o valor &quot;17/12/2020&quot; no cadastro de processos" classname="Cenario: Editar um processo." time="0"/>
  <testcase name="E o usuário preenche o campo &quot;processo_data_saida&quot; com o valor &quot;10/01/2021&quot; no cadastro de processos" classname="Cenario: Editar um processo." time="0"/>
  <testcase name="E o usuário preenche o campo &quot;processo_data_agendamento&quot; com o valor &quot;09/01/2021&quot; no cadastro de processos" classname="Cenario: Editar um processo." time="0"/>
  <testcase name="E o usuário preenche o campo &quot;processo_status&quot; com o valor &quot;Aberto&quot; no cadastro de processos" classname="Cenario: Editar um processo." time="0"/>
  <testcase name="E o usuário preenche o campo &quot;processo_observacao&quot; com o valor &quot;Fechamento de Materia&quot; no cadastro de processos" classname="Cenario: Editar um processo." time="0"/>
  <testcase name="E o usuário clicar no botão salvar no cadastro de processos" classname="Cenario: Editar um processo." time="0"/>
  <testcase name="E o usuário clicar em voltar para processos" classname="Cenario: Editar um processo." time="0"/>
  <testcase name="E o usuário clicar em editar" classname="Cenario: Editar um processo." time="0.005"/>
  <testcase name="E o usuário preenche o campo &quot;processo_vara&quot; com o valor &quot;Penal&quot; no cadastro de processos" classname="Cenario: Editar um processo." time="0"/>
  <testcase name="Quando o usuário clicar no botão salvar no cadastro de processos" classname="Cenario: Editar um processo." time="0"/>
  <testcase name="E o usuário deveria ver a mensagem &quot;Processo atualizado com sucesso.&quot;" classname="Cenario: Editar um processo." time="0"/>
  <testcase name="Cenario: Editar um processo." classname="Cenario: Editar um processo." time="0.085"/>
  <testcase name="Dado que o usuário está na página inicial" classname="| processo_vara | Vara Cenario | vara |" time="0"/>
  <testcase name="E que o usuário clica no menu processos" classname="| processo_vara | Vara Cenario | vara |" time="0"/>
  <testcase name="E o usuário clica no botão Novo Processo" classname="| processo_vara | Vara Cenario | vara |" time="0"/>
  <testcase name="E o usuário preenche o campo &quot;processo_vara&quot; com o valor &quot;Criminal&quot; no cadastro de processos" classname="| processo_vara | Vara Cenario | vara |" time="0"/>
  <testcase name="E o usuário preenche o campo &quot;processo_numero_processo&quot; com o valor &quot;123&quot; no cadastro de processos" classname="| processo_vara | Vara Cenario | vara |" time="0"/>
  <testcase name="E o usuário preenche o campo &quot;processo_natureza&quot; com o valor &quot;Criminal&quot; no cadastro de processos" classname="| processo_vara | Vara Cenario | vara |" time="0"/>
  <testcase name="E o usuário preenche o campo &quot;processo_partes&quot; com o valor &quot;AlanXAnderson&quot; no cadastro de processos" classname="| processo_vara | Vara Cenario | vara |" time="0"/>
  <testcase name="E o usuário preenche o campo &quot;processo_urgente&quot; com o valor &quot;Sim&quot; no cadastro de processos" classname="| processo_vara | Vara Cenario | vara |" time="0"/>
  <testcase name="E o usuário preenche o campo &quot;arbitramento&quot; com o valor &quot;sim&quot; no cadastro de processos" classname="| processo_vara | Vara Cenario | vara |" time="0"/>
  <testcase name="E o usuário preenche o campo &quot;processo_assistente_social&quot; com o valor &quot;Robson&quot; no cadastro de processos" classname="| processo_vara | Vara Cenario | vara |" time="0"/>
  <testcase name="E o usuário preenche o campo &quot;processo_data_entrada&quot; com o valor &quot;17/12/2020&quot; no cadastro de processos" classname="| processo_vara | Vara Cenario | vara |" time="0"/>
  <testcase name="E o usuário preenche o campo &quot;processo_data_saida&quot; com o valor &quot;10/01/2021&quot; no cadastro de processos" classname="| processo_vara | Vara Cenario | vara |" time="0"/>
  <testcase name="E o usuário preenche o campo &quot;processo_data_agendamento&quot; com o valor &quot;09/01/2021&quot; no cadastro de processos" classname="| processo_vara | Vara Cenario | vara |" time="0.002"/>
  <testcase name="E o usuário preenche o campo &quot;processo_status&quot; com o valor &quot;Aberto&quot; no cadastro de processos" classname="| processo_vara | Vara Cenario | vara |" time="0"/>
  <testcase name="E o usuário preenche o campo &quot;processo_observacao&quot; com o valor &quot;Fechamento de Materia&quot; no cadastro de processos" classname="| processo_vara | Vara Cenario | vara |" time="0"/>
  <testcase name="E o usuário clicar no botão salvar no cadastro de processos" classname="| processo_vara | Vara Cenario | vara |" time="0"/>
  <testcase name="E o usuário clicar no botão salvar no cadastro de processos" classname="| processo_vara | Vara Cenario | vara |" time="0"/>
  <testcase name="E o usuário clicar em voltar para processos" classname="| processo_vara | Vara Cenario | vara |" time="0"/>
  <testcase name="E o usuário clicar em voltar para processos" classname="| processo_vara | Vara Cenario | vara |" time="0.001"/>
  <testcase name="E o usuário clicar em editar" classname="| processo_vara | Vara Cenario | vara |" time="0"/>
  <testcase name="E o usuário preenche o campo &quot;processo_vara&quot; com o valor &quot;Vara Cenario&quot; no cadastro de processos" classname="| processo_vara | Vara Cenario | vara |" time="0"/>
  <testcase name="E o usuário clicar em mostrar processo" classname="| processo_vara | Vara Cenario | vara |" time="0"/>
  <testcase name="Então o usuário deveria ver valor &quot;Vara Cenario&quot; no campo &quot;vara&quot;" classname="| processo_vara | Vara Cenario | vara |" time="0"/>
  <testcase name="| processo_vara | Vara Cenario | vara |" classname="| processo_vara | Vara Cenario | vara |" time="0.089"/>
  <testcase name="Dado que o usuário está na página inicial" classname="| processo_numero_processo | 1234 | numero |" time="0"/>
  <testcase name="E que o usuário clica no menu processos" classname="| processo_numero_processo | 1234 | numero |" time="0.001"/>
  <testcase name="E o usuário clica no botão Novo Processo" classname="| processo_numero_processo | 1234 | numero |" time="0"/>
  <testcase name="E o usuário preenche o campo &quot;processo_vara&quot; com o valor &quot;Criminal&quot; no cadastro de processos" classname="| processo_numero_processo | 1234 | numero |" time="0"/>
  <testcase name="E o usuário preenche o campo &quot;processo_numero_processo&quot; com o valor &quot;123&quot; no cadastro de processos" classname="| processo_numero_processo | 1234 | numero |" time="0"/>
  <testcase name="E o usuário preenche o campo &quot;processo_natureza&quot; com o valor &quot;Criminal&quot; no cadastro de processos" classname="| processo_numero_processo | 1234 | numero |" time="0"/>
  <testcase name="E o usuário preenche o campo &quot;processo_partes&quot; com o valor &quot;AlanXAnderson&quot; no cadastro de processos" classname="| processo_numero_processo | 1234 | numero |" time="0"/>
  <testcase name="E o usuário preenche o campo &quot;processo_urgente&quot; com o valor &quot;Sim&quot; no cadastro de processos" classname="| processo_numero_processo | 1234 | numero |" time="0"/>
  <testcase name="E o usuário preenche o campo &quot;arbitramento&quot; com o valor &quot;sim&quot; no cadastro de processos" classname="| processo_numero_processo | 1234 | numero |" time="0"/>
  <testcase name="E o usuário preenche o campo &quot;processo_assistente_social&quot; com o valor &quot;Robson&quot; no cadastro de processos" classname="| processo_numero_processo | 1234 | numero |" time="0"/>
  <testcase name="E o usuário preenche o campo &quot;processo_data_entrada&quot; com o valor &quot;17/12/2020&quot; no cadastro de processos" classname="| processo_numero_processo | 1234 | numero |" time="0"/>
  <testcase name="E o usuário preenche o campo &quot;processo_data_saida&quot; com o valor &quot;10/01/2021&quot; no cadastro de processos" classname="| processo_numero_processo | 1234 | numero |" time="0"/>
  <testcase name="E o usuário preenche o campo &quot;processo_data_agendamento&quot; com o valor &quot;09/01/2021&quot; no cadastro de processos" classname="| processo_numero_processo | 1234 | numero |" time="0"/>
  <testcase name="E o usuário preenche o campo &quot;processo_status&quot; com o valor &quot;Aberto&quot; no cadastro de processos" classname="| processo_numero_processo | 1234 | numero |" time="0"/>
  <testcase name="E o usuário preenche o campo &quot;processo_observacao&quot; com o valor &quot;Fechamento de Materia&quot; no cadastro de processos" classname="| processo_numero_processo | 1234 | numero |" time="0"/>
  <testcase name="E o usuário clicar no botão salvar no cadastro de processos" classname="| processo_numero_processo | 1234 | numero |" time="0"/>
  <testcase name="E o usuário clicar no botão salvar no cadastro de processos" classname="| processo_numero_processo | 1234 | numero |" time="0"/>
  <testcase name="E o usuário clicar em voltar para processos" classname="| processo_numero_processo | 1234 | numero |" time="0"/>
  <testcase name="E o usuário clicar em voltar para processos" classname="| processo_numero_processo | 1234 | numero |" time="0"/>
  <testcase name="E o usuário clicar em editar" classname="| processo_numero_processo | 1234 | numero |" time="0"/>
  <testcase name="E o usuário preenche o campo &quot;processo_numero_processo&quot; com o valor &quot;1234&quot; no cadastro de processos" classname="| processo_numero_processo | 1234 | numero |" time="0"/>
  <testcase name="E o usuário clicar em mostrar processo" classname="| processo_numero_processo | 1234 | numero |" time="0"/>
  <testcase name="Então o usuário deveria ver valor &quot;1234&quot; no campo &quot;numero&quot;" classname="| processo_numero_processo | 1234 | numero |" time="0"/>
  <testcase name="| processo_numero_processo | 1234 | numero |" classname="| processo_numero_processo | 1234 | numero |" time="0.077"/>
</testsuite>