<?xml version="1.0" encoding="UTF-8"?>
<testsuite xmlns:xsi="http://www.w3.org/2001/XMLSchema-instance" xsi:schemaLocation="https://maven.apache.org/surefire/maven-surefire-plugin/xsd/surefire-test-report.xsd" name="runner.RunnerTest" time="32.384" tests="25" errors="0" skipped="0" failures="0">
  <properties>
    <property name="idea.version" value="2020.2.3"/>
    <property name="java.runtime.name" value="OpenJDK Runtime Environment"/>
    <property name="sun.boot.library.path" value="/usr/lib/jvm/java-8-openjdk-amd64/jre/lib/amd64"/>
    <property name="java.vm.version" value="25.275-b01"/>
    <property name="user.country.format" value="BR"/>
    <property name="java.vm.vendor" value="Private Build"/>
    <property name="maven.multiModuleProjectDirectory" value="/home/alan/UnitTest/AutomacaoTeste_AtividadeTres"/>
    <property name="java.vendor.url" value="http://java.oracle.com/"/>
    <property name="path.separator" value=":"/>
    <property name="guice.disable.misplaced.annotation.check" value="true"/>
    <property name="java.vm.name" value="OpenJDK 64-Bit Server VM"/>
    <property name="file.encoding.pkg" value="sun.io"/>
    <property name="user.country" value="US"/>
    <property name="sun.java.launcher" value="SUN_STANDARD"/>
    <property name="sun.os.patch.level" value="unknown"/>
    <property name="java.vm.specification.name" value="Java Virtual Machine Specification"/>
    <property name="user.dir" value="/home/alan/UnitTest/AutomacaoTeste_AtividadeTres"/>
    <property name="java.runtime.version" value="1.8.0_275-8u275-b01-0ubuntu1~20.04-b01"/>
    <property name="java.awt.graphicsenv" value="sun.awt.X11GraphicsEnvironment"/>
    <property name="java.endorsed.dirs" value="/usr/lib/jvm/java-8-openjdk-amd64/jre/lib/endorsed"/>
    <property name="os.arch" value="amd64"/>
    <property name="java.io.tmpdir" value="/tmp"/>
    <property name="line.separator" value="&#10;"/>
    <property name="java.vm.specification.vendor" value="Oracle Corporation"/>
    <property name="os.name" value="Linux"/>
    <property name="maven.ext.class.path" value="/home/alan/JetBrains/jb/plugins/maven/lib/maven-event-listener.jar"/>
    <property name="classworlds.conf" value="/home/alan/JetBrains/jb/plugins/maven/lib/maven3/bin/m2.conf"/>
    <property name="sun.jnu.encoding" value="UTF-8"/>
    <property name="java.library.path" value="/usr/java/packages/lib/amd64:/usr/lib/x86_64-linux-gnu/jni:/lib/x86_64-linux-gnu:/usr/lib/x86_64-linux-gnu:/usr/lib/jni:/lib:/usr/lib"/>
    <property name="maven.conf" value="/home/alan/JetBrains/jb/plugins/maven/lib/maven3/conf"/>
    <property name="java.specification.name" value="Java Platform API Specification"/>
    <property name="java.class.version" value="52.0"/>
    <property name="sun.management.compiler" value="HotSpot 64-Bit Tiered Compilers"/>
    <property name="os.version" value="5.4.0-58-generic"/>
    <property name="user.home" value="/home/alan"/>
    <property name="user.timezone" value="America/Sao_Paulo"/>
    <property name="java.awt.printerjob" value="sun.print.PSPrinterJob"/>
    <property name="java.specification.version" value="1.8"/>
    <property name="file.encoding" value="UTF-8"/>
    <property name="user.name" value="alan"/>
    <property name="java.class.path" value="/home/alan/JetBrains/jb/plugins/maven/lib/maven3/boot/plexus-classworlds-2.6.0.jar:/home/alan/JetBrains/jb/plugins/maven/lib/maven3/boot/plexus-classworlds.license:/home/alan/JetBrains/jb/lib/idea_rt.jar"/>
    <property name="java.vm.specification.version" value="1.8"/>
    <property name="sun.arch.data.model" value="64"/>
    <property name="java.home" value="/usr/lib/jvm/java-8-openjdk-amd64/jre"/>
    <property name="sun.java.command" value="org.codehaus.classworlds.Launcher -Didea.version=2020.2.3 verify"/>
    <property name="java.specification.vendor" value="Oracle Corporation"/>
    <property name="user.language" value="en"/>
    <property name="user.language.format" value="pt"/>
    <property name="awt.toolkit" value="sun.awt.X11.XToolkit"/>
    <property name="java.vm.info" value="mixed mode"/>
    <property name="java.version" value="1.8.0_275"/>
    <property name="java.ext.dirs" value="/usr/lib/jvm/java-8-openjdk-amd64/jre/lib/ext:/usr/java/packages/lib/ext"/>
    <property name="securerandom.source" value="file:/dev/./urandom"/>
    <property name="sun.boot.class.path" value="/usr/lib/jvm/java-8-openjdk-amd64/jre/lib/resources.jar:/usr/lib/jvm/java-8-openjdk-amd64/jre/lib/rt.jar:/usr/lib/jvm/java-8-openjdk-amd64/jre/lib/sunrsasign.jar:/usr/lib/jvm/java-8-openjdk-amd64/jre/lib/jsse.jar:/usr/lib/jvm/java-8-openjdk-amd64/jre/lib/jce.jar:/usr/lib/jvm/java-8-openjdk-amd64/jre/lib/charsets.jar:/usr/lib/jvm/java-8-openjdk-amd64/jre/lib/jfr.jar:/usr/lib/jvm/java-8-openjdk-amd64/jre/classes"/>
    <property name="java.vendor" value="Private Build"/>
    <property name="maven.home" value="/home/alan/JetBrains/jb/plugins/maven/lib/maven3"/>
    <property name="file.separator" value="/"/>
    <property name="java.vendor.url.bug" value="http://bugreport.sun.com/bugreport/"/>
    <property name="sun.cpu.endian" value="little"/>
    <property name="sun.io.unicode.encoding" value="UnicodeLittle"/>
    <property name="sun.desktop" value="gnome"/>
    <property name="sun.cpu.isalist" value=""/>
  </properties>
  <testcase name="Dado que o usuário está na página inicial" classname="Cenario: Mostrar usuário." time="0.002"/>
  <testcase name="E que o usuário clica no menu processos" classname="Cenario: Mostrar usuário." time="0"/>
  <testcase name="E o usuário clica no botão Novo Processo" classname="Cenario: Mostrar usuário." time="0"/>
  <testcase name="E o usuário preenche o campo &quot;processo_vara&quot; com o valor &quot;Teste Vara Insert&quot; no cadastro de processos" classname="Cenario: Mostrar usuário." time="0"/>
  <testcase name="E o usuário preenche o campo &quot;processo_numero_processo&quot; com o valor &quot;123&quot; no cadastro de processos" classname="Cenario: Mostrar usuário." time="0.002"/>
  <testcase name="E o usuário preenche o campo &quot;processo_natureza&quot; com o valor &quot;aaa&quot; no cadastro de processos" classname="Cenario: Mostrar usuário." time="0"/>
  <testcase name="E o usuário preenche o campo &quot;processo_partes&quot; com o valor &quot;asdasd&quot; no cadastro de processos" classname="Cenario: Mostrar usuário." time="0"/>
  <testcase name="E o usuário preenche o campo &quot;processo_urgente&quot; com o valor &quot;Sim&quot; no cadastro de processos" classname="Cenario: Mostrar usuário." time="0"/>
  <testcase name="E o usuário preenche o campo &quot;arbitramento&quot; com o valor &quot;sim&quot; no cadastro de processos" classname="Cenario: Mostrar usuário." time="0"/>
  <testcase name="E o usuário preenche o campo &quot;processo_assistente_social&quot; com o valor &quot;amnsvbd&quot; no cadastro de processos" classname="Cenario: Mostrar usuário." time="0"/>
  <testcase name="E o usuário preenche o campo &quot;processo_data_entrada&quot; com o valor &quot;17/12/2020&quot; no cadastro de processos" classname="Cenario: Mostrar usuário." time="0.001"/>
  <testcase name="E o usuário preenche o campo &quot;processo_status&quot; com o valor &quot;aberto&quot; no cadastro de processos" classname="Cenario: Mostrar usuário." time="0"/>
  <testcase name="E o usuário clicar no botão salvar no cadastro de processos" classname="Cenario: Mostrar usuário." time="0"/>
  <testcase name="E o usuário clicar em voltar para processos" classname="Cenario: Mostrar usuário." time="0"/>
  <testcase name="E o usuário clicar em mostrar processo" classname="Cenario: Mostrar usuário." time="0"/>
  <testcase name="Então o usuário deveria ver valor &quot;Teste Vara Insert&quot; no campo &quot;vara&quot;" classname="Cenario: Mostrar usuário." time="0"/>
  <testcase name="E o usuário deveria ver valor &quot;123&quot; no campo &quot;numero&quot;" classname="Cenario: Mostrar usuário." time="0"/>
  <testcase name="E o usuário deveria ver valor &quot;aaa&quot; no campo &quot;natureza&quot;" classname="Cenario: Mostrar usuário." time="0"/>
  <testcase name="E o usuário deveria ver valor &quot;asdasd&quot; no campo &quot;partes&quot;" classname="Cenario: Mostrar usuário." time="0"/>
  <testcase name="E o usuário deveria ver valor &quot;S&quot; no campo &quot;urgente&quot;" classname="Cenario: Mostrar usuário." time="0"/>
  <testcase name="E o usuário deveria ver valor &quot;S&quot; no campo &quot;arbitramento&quot;" classname="Cenario: Mostrar usuário." time="0"/>
  <testcase name="E o usuário deveria ver valor &quot;amnsvbd&quot; no campo &quot;as_social&quot;" classname="Cenario: Mostrar usuário." time="0"/>
  <testcase name="E o usuário deveria ver valor &quot;2020-12-17&quot; no campo &quot;dt_entrada&quot;" classname="Cenario: Mostrar usuário." time="0"/>
  <testcase name="E o usuário deveria ver valor &quot;aberto&quot; no campo &quot;status&quot;" classname="Cenario: Mostrar usuário." time="0"/>
  <testcase name="Cenario: Mostrar usuário." classname="Cenario: Mostrar usuário." time="0.086"/>
</testsuite>